0 info it worked if it ends with ok
1 verbose cli [ 'C:\\Program Files\\nodejs\\node.exe',
1 verbose cli   'C:\\Program Files\\nodejs\\node_modules\\npm\\bin\\npm-cli.js',
1 verbose cli   'install',
1 verbose cli   '-g',
1 verbose cli   'node',
1 verbose cli   'modules' ]
2 info using npm@3.10.10
3 info using node@v6.11.2
4 silly loadCurrentTree Starting
5 silly install loadCurrentTree
6 silly install readGlobalPackageData
7 silly fetchPackageMetaData node
8 silly fetchPackageMetaData modules
9 silly fetchNamedPackageData node
10 silly mapToRegistry name node
11 silly mapToRegistry using default registry
12 silly mapToRegistry registry https://registry.npmjs.org/
13 silly mapToRegistry data Result {
13 silly mapToRegistry   raw: 'node',
13 silly mapToRegistry   scope: null,
13 silly mapToRegistry   escapedName: 'node',
13 silly mapToRegistry   name: 'node',
13 silly mapToRegistry   rawSpec: '',
13 silly mapToRegistry   spec: 'latest',
13 silly mapToRegistry   type: 'tag' }
14 silly mapToRegistry uri https://registry.npmjs.org/node
15 silly fetchNamedPackageData modules
16 silly mapToRegistry name modules
17 silly mapToRegistry using default registry
18 silly mapToRegistry registry https://registry.npmjs.org/
19 silly mapToRegistry data Result {
19 silly mapToRegistry   raw: 'modules',
19 silly mapToRegistry   scope: null,
19 silly mapToRegistry   escapedName: 'modules',
19 silly mapToRegistry   name: 'modules',
19 silly mapToRegistry   rawSpec: '',
19 silly mapToRegistry   spec: 'latest',
19 silly mapToRegistry   type: 'tag' }
20 silly mapToRegistry uri https://registry.npmjs.org/modules
21 verbose request uri https://registry.npmjs.org/node
22 verbose request no auth needed
23 info attempt registry request try #1 at 7:35:05 PM
24 verbose request id 549070f293f32645
25 http request GET https://registry.npmjs.org/node
26 verbose request uri https://registry.npmjs.org/modules
27 verbose request no auth needed
28 info attempt registry request try #1 at 7:35:05 PM
29 http request GET https://registry.npmjs.org/modules
30 http 200 https://registry.npmjs.org/node
31 verbose headers { date: 'Fri, 06 Jul 2018 01:35:05 GMT',
31 verbose headers   'content-type': 'application/json; charset=UTF-8',
31 verbose headers   'transfer-encoding': 'chunked',
31 verbose headers   connection: 'keep-alive',
31 verbose headers   'set-cookie': [ '__cfduid=dc9f555f0104fb086c14fbc9e3ed0a0e71530840905; expires=Sat, 06-Jul-19 01:35:05 GMT; path=/; domain=.registry.npmjs.org; HttpOnly' ],
31 verbose headers   'cache-control': 'max-age=300',
31 verbose headers   'cf-cache-status': 'HIT',
31 verbose headers   'cf-ray': '435e552b794e5011-DEN',
31 verbose headers   etag: 'W/"1a0393047529e129eb22c058ffa9e443"',
31 verbose headers   'expect-ct': 'max-age=604800, report-uri="https://report-uri.cloudflare.com/cdn-cgi/beacon/expect-ct"',
31 verbose headers   'last-modified': 'Thu, 05 Jul 2018 17:15:54 GMT',
31 verbose headers   vary: 'accept-encoding, accept',
31 verbose headers   server: 'cloudflare',
31 verbose headers   'content-encoding': 'gzip' }
32 silly get cb [ 200,
32 silly get   { date: 'Fri, 06 Jul 2018 01:35:05 GMT',
32 silly get     'content-type': 'application/json; charset=UTF-8',
32 silly get     'transfer-encoding': 'chunked',
32 silly get     connection: 'keep-alive',
32 silly get     'set-cookie': [ '__cfduid=dc9f555f0104fb086c14fbc9e3ed0a0e71530840905; expires=Sat, 06-Jul-19 01:35:05 GMT; path=/; domain=.registry.npmjs.org; HttpOnly' ],
32 silly get     'cache-control': 'max-age=300',
32 silly get     'cf-cache-status': 'HIT',
32 silly get     'cf-ray': '435e552b794e5011-DEN',
32 silly get     etag: 'W/"1a0393047529e129eb22c058ffa9e443"',
32 silly get     'expect-ct': 'max-age=604800, report-uri="https://report-uri.cloudflare.com/cdn-cgi/beacon/expect-ct"',
32 silly get     'last-modified': 'Thu, 05 Jul 2018 17:15:54 GMT',
32 silly get     vary: 'accept-encoding, accept',
32 silly get     server: 'cloudflare',
32 silly get     'content-encoding': 'gzip' } ]
33 verbose get saving node to C:\Users\ShawnTyler\AppData\Roaming\npm-cache\registry.npmjs.org\node\.cache.json
34 verbose correctMkdir C:\Users\ShawnTyler\AppData\Roaming\npm-cache correctMkdir not in flight; initializing
35 http 200 https://registry.npmjs.org/modules
36 verbose headers { date: 'Fri, 06 Jul 2018 01:35:05 GMT',
36 verbose headers   'content-type': 'application/json; charset=UTF-8',
36 verbose headers   'transfer-encoding': 'chunked',
36 verbose headers   connection: 'keep-alive',
36 verbose headers   'set-cookie': [ '__cfduid=d687c57ebe86dae4ed30369e80e9fe46e1530840905; expires=Sat, 06-Jul-19 01:35:05 GMT; path=/; domain=.registry.npmjs.org; HttpOnly' ],
36 verbose headers   'cache-control': 'max-age=300',
36 verbose headers   'cf-cache-status': 'REVALIDATED',
36 verbose headers   'cf-ray': '435e552b7fb0501d-DEN',
36 verbose headers   etag: 'W/"cf516db77a9757aa6655cd1b4f904fa1"',
36 verbose headers   'expect-ct': 'max-age=604800, report-uri="https://report-uri.cloudflare.com/cdn-cgi/beacon/expect-ct"',
36 verbose headers   'last-modified': 'Sun, 27 May 2018 08:23:15 GMT',
36 verbose headers   vary: 'accept-encoding, accept',
36 verbose headers   server: 'cloudflare',
36 verbose headers   'content-encoding': 'gzip' }
37 silly get cb [ 200,
37 silly get   { date: 'Fri, 06 Jul 2018 01:35:05 GMT',
37 silly get     'content-type': 'application/json; charset=UTF-8',
37 silly get     'transfer-encoding': 'chunked',
37 silly get     connection: 'keep-alive',
37 silly get     'set-cookie': [ '__cfduid=d687c57ebe86dae4ed30369e80e9fe46e1530840905; expires=Sat, 06-Jul-19 01:35:05 GMT; path=/; domain=.registry.npmjs.org; HttpOnly' ],
37 silly get     'cache-control': 'max-age=300',
37 silly get     'cf-cache-status': 'REVALIDATED',
37 silly get     'cf-ray': '435e552b7fb0501d-DEN',
37 silly get     etag: 'W/"cf516db77a9757aa6655cd1b4f904fa1"',
37 silly get     'expect-ct': 'max-age=604800, report-uri="https://report-uri.cloudflare.com/cdn-cgi/beacon/expect-ct"',
37 silly get     'last-modified': 'Sun, 27 May 2018 08:23:15 GMT',
37 silly get     vary: 'accept-encoding, accept',
37 silly get     server: 'cloudflare',
37 silly get     'content-encoding': 'gzip' } ]
38 verbose get saving modules to C:\Users\ShawnTyler\AppData\Roaming\npm-cache\registry.npmjs.org\modules\.cache.json
39 verbose correctMkdir C:\Users\ShawnTyler\AppData\Roaming\npm-cache correctMkdir not in flight; initializing
40 silly install normalizeTree
41 silly loadCurrentTree Finishing
42 silly loadIdealTree Starting
43 silly install loadIdealTree
44 silly cloneCurrentTree Starting
45 silly install cloneCurrentTreeToIdealTree
46 silly cloneCurrentTree Finishing
47 silly loadShrinkwrap Starting
48 silly install loadShrinkwrap
49 silly loadShrinkwrap Finishing
50 silly loadAllDepsIntoIdealTree Starting
51 silly install loadAllDepsIntoIdealTree
52 silly resolveWithNewModule node@10.6.0 checking installable status
53 silly cache add args [ 'node', null ]
54 verbose cache add spec node
55 silly resolveWithNewModule modules@0.4.0 checking installable status
56 silly cache add args [ 'modules', null ]
57 verbose cache add spec modules
58 silly cache add parsed spec Result {
58 silly cache add   raw: 'node',
58 silly cache add   scope: null,
58 silly cache add   escapedName: 'node',
58 silly cache add   name: 'node',
58 silly cache add   rawSpec: '',
58 silly cache add   spec: 'latest',
58 silly cache add   type: 'tag' }
59 silly addNamed node@latest
60 verbose addNamed "latest" is being treated as a dist-tag for node
61 info addNameTag [ 'node', 'latest' ]
62 silly mapToRegistry name node
63 silly mapToRegistry using default registry
64 silly mapToRegistry registry https://registry.npmjs.org/
65 silly mapToRegistry data Result {
65 silly mapToRegistry   raw: 'node',
65 silly mapToRegistry   scope: null,
65 silly mapToRegistry   escapedName: 'node',
65 silly mapToRegistry   name: 'node',
65 silly mapToRegistry   rawSpec: '',
65 silly mapToRegistry   spec: 'latest',
65 silly mapToRegistry   type: 'tag' }
66 silly mapToRegistry uri https://registry.npmjs.org/node
67 verbose addNameTag registry:https://registry.npmjs.org/node not in flight; fetching
68 silly cache add parsed spec Result {
68 silly cache add   raw: 'modules',
68 silly cache add   scope: null,
68 silly cache add   escapedName: 'modules',
68 silly cache add   name: 'modules',
68 silly cache add   rawSpec: '',
68 silly cache add   spec: 'latest',
68 silly cache add   type: 'tag' }
69 silly addNamed modules@latest
70 verbose addNamed "latest" is being treated as a dist-tag for modules
71 info addNameTag [ 'modules', 'latest' ]
72 silly mapToRegistry name modules
73 silly mapToRegistry using default registry
74 silly mapToRegistry registry https://registry.npmjs.org/
75 silly mapToRegistry data Result {
75 silly mapToRegistry   raw: 'modules',
75 silly mapToRegistry   scope: null,
75 silly mapToRegistry   escapedName: 'modules',
75 silly mapToRegistry   name: 'modules',
75 silly mapToRegistry   rawSpec: '',
75 silly mapToRegistry   spec: 'latest',
75 silly mapToRegistry   type: 'tag' }
76 silly mapToRegistry uri https://registry.npmjs.org/modules
77 verbose addNameTag registry:https://registry.npmjs.org/modules not in flight; fetching
78 verbose get https://registry.npmjs.org/modules not expired, no request
79 silly addNameTag next cb for modules with tag latest
80 silly addNamed modules@0.4.0
81 verbose addNamed "0.4.0" is a plain semver version for modules
82 verbose get https://registry.npmjs.org/node not expired, no request
83 silly addNameTag next cb for node with tag latest
84 silly addNamed node@10.6.0
85 verbose addNamed "10.6.0" is a plain semver version for node
86 silly mapToRegistry name modules
87 silly mapToRegistry using default registry
88 silly mapToRegistry registry https://registry.npmjs.org/
89 silly mapToRegistry data Result {
89 silly mapToRegistry   raw: 'modules',
89 silly mapToRegistry   scope: null,
89 silly mapToRegistry   escapedName: 'modules',
89 silly mapToRegistry   name: 'modules',
89 silly mapToRegistry   rawSpec: '',
89 silly mapToRegistry   spec: 'latest',
89 silly mapToRegistry   type: 'tag' }
90 silly mapToRegistry uri https://registry.npmjs.org/modules
91 verbose addRemoteTarball https://registry.npmjs.org/modules/-/modules-0.4.0.tgz not in flight; adding
92 verbose addRemoteTarball [ 'https://registry.npmjs.org/modules/-/modules-0.4.0.tgz',
92 verbose addRemoteTarball   '7a856fd0d8a9e0a5c3e3bbbbab68960910ec8c89' ]
93 silly mapToRegistry name node
94 silly mapToRegistry using default registry
95 silly mapToRegistry registry https://registry.npmjs.org/
96 silly mapToRegistry data Result {
96 silly mapToRegistry   raw: 'node',
96 silly mapToRegistry   scope: null,
96 silly mapToRegistry   escapedName: 'node',
96 silly mapToRegistry   name: 'node',
96 silly mapToRegistry   rawSpec: '',
96 silly mapToRegistry   spec: 'latest',
96 silly mapToRegistry   type: 'tag' }
97 silly mapToRegistry uri https://registry.npmjs.org/node
98 verbose addRemoteTarball https://registry.npmjs.org/node/-/node-10.6.0.tgz not in flight; adding
99 verbose addRemoteTarball [ 'https://registry.npmjs.org/node/-/node-10.6.0.tgz',
99 verbose addRemoteTarball   'ce84fc4759808520ba6616fd1b9bbb2447b21613' ]
100 info retry fetch attempt 1 at 7:35:06 PM
101 info attempt registry request try #1 at 7:35:06 PM
102 http fetch GET https://registry.npmjs.org/modules/-/modules-0.4.0.tgz
103 info retry fetch attempt 1 at 7:35:06 PM
104 info attempt registry request try #1 at 7:35:06 PM
105 http fetch GET https://registry.npmjs.org/node/-/node-10.6.0.tgz
106 http fetch 200 https://registry.npmjs.org/node/-/node-10.6.0.tgz
107 silly fetchAndShaCheck shasum ce84fc4759808520ba6616fd1b9bbb2447b21613
108 verbose addTmpTarball C:\Users\SHAWNT~1\AppData\Local\Temp\npm-29512-5ba9c4e7\registry.npmjs.org\node\-\node-10.6.0.tgz not in flight; adding
109 verbose addTmpTarball already have metadata; skipping unpack for node@10.6.0
110 verbose correctMkdir C:\Users\ShawnTyler\AppData\Roaming\npm-cache correctMkdir not in flight; initializing
111 silly cache afterAdd node@10.6.0
112 verbose afterAdd C:\Users\ShawnTyler\AppData\Roaming\npm-cache\node\10.6.0\package\package.json not in flight; writing
113 verbose correctMkdir C:\Users\ShawnTyler\AppData\Roaming\npm-cache correctMkdir not in flight; initializing
114 verbose afterAdd C:\Users\ShawnTyler\AppData\Roaming\npm-cache\node\10.6.0\package\package.json written
115 http fetch 200 https://registry.npmjs.org/modules/-/modules-0.4.0.tgz
116 silly fetchAndShaCheck shasum 7a856fd0d8a9e0a5c3e3bbbbab68960910ec8c89
117 verbose addTmpTarball C:\Users\SHAWNT~1\AppData\Local\Temp\npm-29512-5ba9c4e7\registry.npmjs.org\modules\-\modules-0.4.0.tgz not in flight; adding
118 verbose addTmpTarball already have metadata; skipping unpack for modules@0.4.0
119 verbose correctMkdir C:\Users\ShawnTyler\AppData\Roaming\npm-cache correctMkdir not in flight; initializing
120 silly cache afterAdd modules@0.4.0
121 verbose afterAdd C:\Users\ShawnTyler\AppData\Roaming\npm-cache\modules\0.4.0\package\package.json not in flight; writing
122 verbose correctMkdir C:\Users\ShawnTyler\AppData\Roaming\npm-cache correctMkdir not in flight; initializing
123 verbose afterAdd C:\Users\ShawnTyler\AppData\Roaming\npm-cache\modules\0.4.0\package\package.json written
124 silly fetchNamedPackageData node-bin-setup
125 silly mapToRegistry name node-bin-setup
126 silly mapToRegistry using default registry
127 silly mapToRegistry registry https://registry.npmjs.org/
128 silly mapToRegistry data Result {
128 silly mapToRegistry   raw: 'node-bin-setup',
128 silly mapToRegistry   scope: null,
128 silly mapToRegistry   escapedName: 'node-bin-setup',
128 silly mapToRegistry   name: 'node-bin-setup',
128 silly mapToRegistry   rawSpec: '',
128 silly mapToRegistry   spec: 'latest',
128 silly mapToRegistry   type: 'tag' }
129 silly mapToRegistry uri https://registry.npmjs.org/node-bin-setup
130 verbose request uri https://registry.npmjs.org/node-bin-setup
131 verbose request no auth needed
132 info attempt registry request try #1 at 7:35:06 PM
133 http request GET https://registry.npmjs.org/node-bin-setup
134 http 200 https://registry.npmjs.org/node-bin-setup
135 verbose headers { date: 'Fri, 06 Jul 2018 01:35:06 GMT',
135 verbose headers   'content-type': 'application/json; charset=UTF-8',
135 verbose headers   'transfer-encoding': 'chunked',
135 verbose headers   connection: 'keep-alive',
135 verbose headers   'set-cookie': [ '__cfduid=d70ac74e09a0cf9f942a4611d59db8a141530840906; expires=Sat, 06-Jul-19 01:35:06 GMT; path=/; domain=.registry.npmjs.org; HttpOnly' ],
135 verbose headers   'cache-control': 'max-age=300',
135 verbose headers   'cf-cache-status': 'HIT',
135 verbose headers   'cf-ray': '435e5531be83501d-DEN',
135 verbose headers   etag: 'W/"696d6ec470fda56a33885508a280edab"',
135 verbose headers   'expect-ct': 'max-age=604800, report-uri="https://report-uri.cloudflare.com/cdn-cgi/beacon/expect-ct"',
135 verbose headers   'last-modified': 'Sun, 27 May 2018 09:55:03 GMT',
135 verbose headers   vary: 'accept-encoding, accept',
135 verbose headers   server: 'cloudflare',
135 verbose headers   'content-encoding': 'gzip' }
136 silly get cb [ 200,
136 silly get   { date: 'Fri, 06 Jul 2018 01:35:06 GMT',
136 silly get     'content-type': 'application/json; charset=UTF-8',
136 silly get     'transfer-encoding': 'chunked',
136 silly get     connection: 'keep-alive',
136 silly get     'set-cookie': [ '__cfduid=d70ac74e09a0cf9f942a4611d59db8a141530840906; expires=Sat, 06-Jul-19 01:35:06 GMT; path=/; domain=.registry.npmjs.org; HttpOnly' ],
136 silly get     'cache-control': 'max-age=300',
136 silly get     'cf-cache-status': 'HIT',
136 silly get     'cf-ray': '435e5531be83501d-DEN',
136 silly get     etag: 'W/"696d6ec470fda56a33885508a280edab"',
136 silly get     'expect-ct': 'max-age=604800, report-uri="https://report-uri.cloudflare.com/cdn-cgi/beacon/expect-ct"',
136 silly get     'last-modified': 'Sun, 27 May 2018 09:55:03 GMT',
136 silly get     vary: 'accept-encoding, accept',
136 silly get     server: 'cloudflare',
136 silly get     'content-encoding': 'gzip' } ]
137 verbose get saving node-bin-setup to C:\Users\ShawnTyler\AppData\Roaming\npm-cache\registry.npmjs.org\node-bin-setup\.cache.json
138 verbose correctMkdir C:\Users\ShawnTyler\AppData\Roaming\npm-cache correctMkdir not in flight; initializing
139 silly resolveWithNewModule node-bin-setup@1.0.6 checking installable status
140 silly cache add args [ 'node-bin-setup@^1.0.0', null ]
141 verbose cache add spec node-bin-setup@^1.0.0
142 silly cache add parsed spec Result {
142 silly cache add   raw: 'node-bin-setup@^1.0.0',
142 silly cache add   scope: null,
142 silly cache add   escapedName: 'node-bin-setup',
142 silly cache add   name: 'node-bin-setup',
142 silly cache add   rawSpec: '^1.0.0',
142 silly cache add   spec: '>=1.0.0 <2.0.0',
142 silly cache add   type: 'range' }
143 silly addNamed node-bin-setup@>=1.0.0 <2.0.0
144 verbose addNamed ">=1.0.0 <2.0.0" is a valid semver range for node-bin-setup
145 silly addNameRange { name: 'node-bin-setup',
145 silly addNameRange   range: '>=1.0.0 <2.0.0',
145 silly addNameRange   hasData: false }
146 silly mapToRegistry name node-bin-setup
147 silly mapToRegistry using default registry
148 silly mapToRegistry registry https://registry.npmjs.org/
149 silly mapToRegistry data Result {
149 silly mapToRegistry   raw: 'node-bin-setup',
149 silly mapToRegistry   scope: null,
149 silly mapToRegistry   escapedName: 'node-bin-setup',
149 silly mapToRegistry   name: 'node-bin-setup',
149 silly mapToRegistry   rawSpec: '',
149 silly mapToRegistry   spec: 'latest',
149 silly mapToRegistry   type: 'tag' }
150 silly mapToRegistry uri https://registry.npmjs.org/node-bin-setup
151 verbose addNameRange registry:https://registry.npmjs.org/node-bin-setup not in flight; fetching
152 verbose get https://registry.npmjs.org/node-bin-setup not expired, no request
153 silly addNameRange number 2 { name: 'node-bin-setup',
153 silly addNameRange   range: '>=1.0.0 <2.0.0',
153 silly addNameRange   hasData: true }
154 silly addNameRange versions [ 'node-bin-setup',
154 silly addNameRange   [ '1.0.0', '1.0.1', '1.0.2', '1.0.3', '1.0.4', '1.0.6' ] ]
155 silly addNamed node-bin-setup@1.0.6
156 verbose addNamed "1.0.6" is a plain semver version for node-bin-setup
157 silly mapToRegistry name node-bin-setup
158 silly mapToRegistry using default registry
159 silly mapToRegistry registry https://registry.npmjs.org/
160 silly mapToRegistry data Result {
160 silly mapToRegistry   raw: 'node-bin-setup',
160 silly mapToRegistry   scope: null,
160 silly mapToRegistry   escapedName: 'node-bin-setup',
160 silly mapToRegistry   name: 'node-bin-setup',
160 silly mapToRegistry   rawSpec: '',
160 silly mapToRegistry   spec: 'latest',
160 silly mapToRegistry   type: 'tag' }
161 silly mapToRegistry uri https://registry.npmjs.org/node-bin-setup
162 verbose addRemoteTarball https://registry.npmjs.org/node-bin-setup/-/node-bin-setup-1.0.6.tgz not in flight; adding
163 verbose addRemoteTarball [ 'https://registry.npmjs.org/node-bin-setup/-/node-bin-setup-1.0.6.tgz',
163 verbose addRemoteTarball   '4b5c9bb937ece702d7069b36ca78af4684677528' ]
164 info retry fetch attempt 1 at 7:35:06 PM
165 info attempt registry request try #1 at 7:35:06 PM
166 http fetch GET https://registry.npmjs.org/node-bin-setup/-/node-bin-setup-1.0.6.tgz
167 http fetch 200 https://registry.npmjs.org/node-bin-setup/-/node-bin-setup-1.0.6.tgz
168 silly fetchAndShaCheck shasum 4b5c9bb937ece702d7069b36ca78af4684677528
169 verbose addTmpTarball C:\Users\SHAWNT~1\AppData\Local\Temp\npm-29512-5ba9c4e7\registry.npmjs.org\node-bin-setup\-\node-bin-setup-1.0.6.tgz not in flight; adding
170 verbose addTmpTarball already have metadata; skipping unpack for node-bin-setup@1.0.6
171 verbose correctMkdir C:\Users\ShawnTyler\AppData\Roaming\npm-cache correctMkdir not in flight; initializing
172 silly cache afterAdd node-bin-setup@1.0.6
173 verbose afterAdd C:\Users\ShawnTyler\AppData\Roaming\npm-cache\node-bin-setup\1.0.6\package\package.json not in flight; writing
174 verbose correctMkdir C:\Users\ShawnTyler\AppData\Roaming\npm-cache correctMkdir not in flight; initializing
175 verbose afterAdd C:\Users\ShawnTyler\AppData\Roaming\npm-cache\node-bin-setup\1.0.6\package\package.json written
176 silly loadAllDepsIntoIdealTree Finishing
177 silly loadIdealTree Finishing
178 silly currentTree npm
179 silly idealTree npm
179 silly idealTree +-- modules@0.4.0
179 silly idealTree `-- node@10.6.0
179 silly idealTree   `-- node-bin-setup@1.0.6
180 silly generateActionsToTake Starting
181 silly install generateActionsToTake
182 silly generateActionsToTake Finishing
183 silly diffTrees action count 3
184 silly diffTrees add modules@0.4.0
185 silly diffTrees add node-bin-setup@1.0.6
186 silly diffTrees add node@10.6.0
187 silly decomposeActions action count 24
188 silly decomposeActions fetch modules@0.4.0
189 silly decomposeActions extract modules@0.4.0
190 silly decomposeActions test modules@0.4.0
191 silly decomposeActions preinstall modules@0.4.0
192 silly decomposeActions build modules@0.4.0
193 silly decomposeActions install modules@0.4.0
194 silly decomposeActions postinstall modules@0.4.0
195 silly decomposeActions finalize modules@0.4.0
196 silly decomposeActions fetch node-bin-setup@1.0.6
197 silly decomposeActions extract node-bin-setup@1.0.6
198 silly decomposeActions test node-bin-setup@1.0.6
199 silly decomposeActions preinstall node-bin-setup@1.0.6
200 silly decomposeActions build node-bin-setup@1.0.6
201 silly decomposeActions install node-bin-setup@1.0.6
202 silly decomposeActions postinstall node-bin-setup@1.0.6
203 silly decomposeActions finalize node-bin-setup@1.0.6
204 silly decomposeActions fetch node@10.6.0
205 silly decomposeActions extract node@10.6.0
206 silly decomposeActions test node@10.6.0
207 silly decomposeActions preinstall node@10.6.0
208 silly decomposeActions build node@10.6.0
209 silly decomposeActions install node@10.6.0
210 silly decomposeActions postinstall node@10.6.0
211 silly decomposeActions finalize node@10.6.0
212 silly runTopLevelLifecycles Starting
213 silly executeActions Starting
214 silly install executeActions
215 silly doSerial global-install 0
216 silly doParallel fetch 3
217 verbose correctMkdir C:\Users\ShawnTyler\AppData\Roaming\npm-cache\_locks correctMkdir not in flight; initializing
218 verbose lock using C:\Users\ShawnTyler\AppData\Roaming\npm-cache\_locks\staging-92e041edb4fcd343.lock for C:\Users\ShawnTyler\AppData\Roaming\npm\node_modules\.staging
219 silly doParallel extract 3
220 silly extract modules@0.4.0
221 silly extract node-bin-setup@1.0.6
222 silly extract node@10.6.0
223 verbose unbuild node_modules\.staging\modules-a425686c
224 verbose unbuild node_modules\.staging\node-bin-setup-835b09da
225 verbose unbuild node_modules\.staging\node-71691d86
226 silly gentlyRm C:\Users\ShawnTyler\AppData\Roaming\npm\node_modules\.staging\modules-a425686c is being purged from base C:\Users\ShawnTyler\AppData\Roaming\npm
227 verbose gentlyRm don't care about contents; nuking C:\Users\ShawnTyler\AppData\Roaming\npm\node_modules\.staging\modules-a425686c
228 silly gentlyRm C:\Users\ShawnTyler\AppData\Roaming\npm\node_modules\.staging\node-bin-setup-835b09da is being purged from base C:\Users\ShawnTyler\AppData\Roaming\npm
229 verbose gentlyRm don't care about contents; nuking C:\Users\ShawnTyler\AppData\Roaming\npm\node_modules\.staging\node-bin-setup-835b09da
230 verbose tar unpack C:\Users\ShawnTyler\AppData\Roaming\npm-cache\modules\0.4.0\package.tgz
231 verbose tar unpacking to C:\Users\ShawnTyler\AppData\Roaming\npm\node_modules\.staging\modules-a425686c
232 silly gentlyRm C:\Users\ShawnTyler\AppData\Roaming\npm\node_modules\.staging\modules-a425686c is being purged
233 verbose gentlyRm don't care about contents; nuking C:\Users\ShawnTyler\AppData\Roaming\npm\node_modules\.staging\modules-a425686c
234 verbose tar unpack C:\Users\ShawnTyler\AppData\Roaming\npm-cache\node-bin-setup\1.0.6\package.tgz
235 verbose tar unpacking to C:\Users\ShawnTyler\AppData\Roaming\npm\node_modules\.staging\node-bin-setup-835b09da
236 silly gentlyRm C:\Users\ShawnTyler\AppData\Roaming\npm\node_modules\.staging\node-bin-setup-835b09da is being purged
237 verbose gentlyRm don't care about contents; nuking C:\Users\ShawnTyler\AppData\Roaming\npm\node_modules\.staging\node-bin-setup-835b09da
238 silly gentlyRm C:\Users\ShawnTyler\AppData\Roaming\npm\node_modules\.staging\node-71691d86 is being purged from base C:\Users\ShawnTyler\AppData\Roaming\npm
239 verbose gentlyRm don't care about contents; nuking C:\Users\ShawnTyler\AppData\Roaming\npm\node_modules\.staging\node-71691d86
240 silly gunzTarPerm modes [ '777', '666' ]
241 silly gunzTarPerm modes [ '777', '666' ]
242 verbose tar unpack C:\Users\ShawnTyler\AppData\Roaming\npm-cache\node\10.6.0\package.tgz
243 verbose tar unpacking to C:\Users\ShawnTyler\AppData\Roaming\npm\node_modules\.staging\node-71691d86
244 silly gentlyRm C:\Users\ShawnTyler\AppData\Roaming\npm\node_modules\.staging\node-71691d86 is being purged
245 verbose gentlyRm don't care about contents; nuking C:\Users\ShawnTyler\AppData\Roaming\npm\node_modules\.staging\node-71691d86
246 silly gunzTarPerm modes [ '777', '666' ]
247 silly gunzTarPerm extractEntry package.json
248 silly gunzTarPerm modified mode [ 'package.json', 420, 438 ]
249 silly gunzTarPerm extractEntry package.json
250 silly gunzTarPerm modified mode [ 'package.json', 420, 438 ]
251 silly gunzTarPerm extractEntry package.json
252 silly gunzTarPerm modified mode [ 'package.json', 420, 438 ]
253 silly gunzTarPerm extractEntry installArchSpecificPackage.js
254 silly gunzTarPerm modified mode [ 'installArchSpecificPackage.js', 420, 438 ]
255 silly gunzTarPerm extractEntry README.md
256 silly gunzTarPerm modified mode [ 'README.md', 420, 438 ]
257 silly gunzTarPerm extractEntry .npmignore
258 silly gunzTarPerm modified mode [ '.npmignore', 420, 438 ]
259 silly gunzTarPerm extractEntry README.md
260 silly gunzTarPerm modified mode [ 'README.md', 420, 438 ]
261 silly gunzTarPerm extractEntry index.js
262 silly gunzTarPerm modified mode [ 'index.js', 420, 438 ]
263 silly gunzTarPerm extractEntry Gruntfile.js
264 silly gunzTarPerm modified mode [ 'Gruntfile.js', 420, 438 ]
265 silly gunzTarPerm extractEntry index.js
266 silly gunzTarPerm modified mode [ 'index.js', 420, 438 ]
267 silly gunzTarPerm extractEntry .travis.yml
268 silly gunzTarPerm modified mode [ '.travis.yml', 420, 438 ]
269 silly gunzTarPerm extractEntry LICENSE-MIT
270 silly gunzTarPerm modified mode [ 'LICENSE-MIT', 420, 438 ]
271 silly gunzTarPerm extractEntry .jshintrc
272 silly gunzTarPerm modified mode [ '.jshintrc', 420, 438 ]
273 silly gunzTarPerm extractEntry lib/bundles.js
274 silly gunzTarPerm modified mode [ 'lib/bundles.js', 420, 438 ]
275 silly gunzTarPerm extractEntry lib/define.js
276 silly gunzTarPerm modified mode [ 'lib/define.js', 420, 438 ]
277 silly gunzTarPerm extractEntry lib/define.min.js
278 silly gunzTarPerm modified mode [ 'lib/define.min.js', 420, 438 ]
279 silly gunzTarPerm extractEntry lib/define.shim.js
280 silly gunzTarPerm modified mode [ 'lib/define.shim.js', 420, 438 ]
281 silly gunzTarPerm extractEntry lib/modules.js
282 silly gunzTarPerm modified mode [ 'lib/modules.js', 420, 438 ]
283 silly gunzTarPerm extractEntry nodeunit/nodeunit.js
284 silly gunzTarPerm modified mode [ 'nodeunit/nodeunit.js', 420, 438 ]
285 silly gunzTarPerm extractEntry nodeunit/empty.html
286 silly gunzTarPerm modified mode [ 'nodeunit/empty.html', 420, 438 ]
287 silly gunzTarPerm extractEntry nodeunit/nodeunit.css
288 silly gunzTarPerm modified mode [ 'nodeunit/nodeunit.css', 420, 438 ]
289 silly gunzTarPerm extractEntry nodeunit/runner.html
290 silly gunzTarPerm modified mode [ 'nodeunit/runner.html', 420, 438 ]
291 silly gunzTarPerm extractEntry nodeunit/test/bundles.test.js
292 silly gunzTarPerm modified mode [ 'nodeunit/test/bundles.test.js', 420, 438 ]
293 silly gunzTarPerm extractEntry nodeunit/test/define.test.js
294 silly gunzTarPerm modified mode [ 'nodeunit/test/define.test.js', 420, 438 ]
295 silly gunzTarPerm extractEntry nodeunit/test/modules.test.js
296 silly gunzTarPerm modified mode [ 'nodeunit/test/modules.test.js', 420, 438 ]
297 silly gunzTarPerm extractEntry nodeunit/test/amdjs/basic_circular/_reporter.js
298 silly gunzTarPerm modified mode [ 'nodeunit/test/amdjs/basic_circular/_reporter.js', 420, 438 ]
299 silly gunzTarPerm extractEntry nodeunit/test/amdjs/basic_circular/_test.js
300 silly gunzTarPerm modified mode [ 'nodeunit/test/amdjs/basic_circular/_test.js', 420, 438 ]
301 silly gunzTarPerm extractEntry nodeunit/test/amdjs/basic_circular/funcFour.js
302 silly gunzTarPerm modified mode [ 'nodeunit/test/amdjs/basic_circular/funcFour.js', 420, 438 ]
303 silly gunzTarPerm extractEntry nodeunit/test/amdjs/basic_circular/funcOne.js
304 silly gunzTarPerm modified mode [ 'nodeunit/test/amdjs/basic_circular/funcOne.js', 420, 438 ]
305 silly gunzTarPerm extractEntry nodeunit/test/amdjs/basic_circular/funcThree.js
306 silly gunzTarPerm modified mode [ 'nodeunit/test/amdjs/basic_circular/funcThree.js', 420, 438 ]
307 silly gunzTarPerm extractEntry nodeunit/test/amdjs/basic_circular/funcTwo.js
308 silly gunzTarPerm modified mode [ 'nodeunit/test/amdjs/basic_circular/funcTwo.js', 420, 438 ]
309 silly gunzTarPerm extractEntry nodeunit/test/amdjs/basic_circular/one.js
310 silly gunzTarPerm modified mode [ 'nodeunit/test/amdjs/basic_circular/one.js', 420, 438 ]
311 silly gunzTarPerm extractEntry nodeunit/test/amdjs/basic_circular/two.js
312 silly gunzTarPerm modified mode [ 'nodeunit/test/amdjs/basic_circular/two.js', 420, 438 ]
313 silly gunzTarPerm extractEntry nodeunit/test/amdjs/basic_define/_reporter.js
314 silly gunzTarPerm modified mode [ 'nodeunit/test/amdjs/basic_define/_reporter.js', 420, 438 ]
315 silly gunzTarPerm extractEntry nodeunit/test/amdjs/basic_define/_test.js
316 silly gunzTarPerm modified mode [ 'nodeunit/test/amdjs/basic_define/_test.js', 420, 438 ]
317 silly gunzTarPerm extractEntry nodeunit/test/amdjs/basic_empty_deps/_reporter.js
318 silly gunzTarPerm modified mode [ 'nodeunit/test/amdjs/basic_empty_deps/_reporter.js', 420, 438 ]
319 silly gunzTarPerm extractEntry nodeunit/test/amdjs/basic_empty_deps/_test.js
320 silly gunzTarPerm modified mode [ 'nodeunit/test/amdjs/basic_empty_deps/_test.js', 420, 438 ]
321 silly gunzTarPerm extractEntry nodeunit/test/amdjs/basic_no_deps/_reporter.js
322 silly gunzTarPerm modified mode [ 'nodeunit/test/amdjs/basic_no_deps/_reporter.js', 420, 438 ]
323 silly gunzTarPerm extractEntry nodeunit/test/amdjs/basic_no_deps/_test.js
324 silly gunzTarPerm modified mode [ 'nodeunit/test/amdjs/basic_no_deps/_test.js', 420, 438 ]
325 silly gunzTarPerm extractEntry nodeunit/test/amdjs/basic_require/_reporter.js
326 silly gunzTarPerm modified mode [ 'nodeunit/test/amdjs/basic_require/_reporter.js', 420, 438 ]
327 silly gunzTarPerm extractEntry nodeunit/test/amdjs/basic_require/_test.js
328 silly gunzTarPerm modified mode [ 'nodeunit/test/amdjs/basic_require/_test.js', 420, 438 ]
329 silly gunzTarPerm extractEntry nodeunit/test/amdjs/basic_require/a.js
330 silly gunzTarPerm modified mode [ 'nodeunit/test/amdjs/basic_require/a.js', 420, 438 ]
331 silly gunzTarPerm extractEntry nodeunit/test/amdjs/basic_require/b.js
332 silly gunzTarPerm modified mode [ 'nodeunit/test/amdjs/basic_require/b.js', 420, 438 ]
333 silly gunzTarPerm extractEntry nodeunit/test/amdjs/basic_require/c.js
334 silly gunzTarPerm modified mode [ 'nodeunit/test/amdjs/basic_require/c.js', 420, 438 ]
335 silly gunzTarPerm extractEntry nodeunit/test/amdjs/basic_require/c/templates/first.txt
336 silly gunzTarPerm modified mode [ 'nodeunit/test/amdjs/basic_require/c/templates/first.txt',
336 silly gunzTarPerm   420,
336 silly gunzTarPerm   438 ]
337 silly gunzTarPerm extractEntry nodeunit/test/amdjs/basic_simple/_reporter.js
338 silly gunzTarPerm modified mode [ 'nodeunit/test/amdjs/basic_simple/_reporter.js', 420, 438 ]
339 silly gunzTarPerm extractEntry nodeunit/test/amdjs/basic_simple/_test.js
340 silly gunzTarPerm modified mode [ 'nodeunit/test/amdjs/basic_simple/_test.js', 420, 438 ]
341 silly gunzTarPerm extractEntry nodeunit/test/amdjs/basic_simple/a.js
342 silly gunzTarPerm modified mode [ 'nodeunit/test/amdjs/basic_simple/a.js', 420, 438 ]
343 silly gunzTarPerm extractEntry nodeunit/test/amdjs/basic_simple/b.js
344 silly gunzTarPerm modified mode [ 'nodeunit/test/amdjs/basic_simple/b.js', 420, 438 ]
345 silly gunzTarPerm extractEntry nodeunit/test/amdjs/basic_simple/sub/c.js
346 silly gunzTarPerm modified mode [ 'nodeunit/test/amdjs/basic_simple/sub/c.js', 420, 438 ]
347 silly gunzTarPerm extractEntry nodeunit/test/bundles/a.js
348 silly gunzTarPerm modified mode [ 'nodeunit/test/bundles/a.js', 420, 438 ]
349 silly gunzTarPerm extractEntry nodeunit/test/bundles/absolute.bundle.js
350 silly gunzTarPerm modified mode [ 'nodeunit/test/bundles/absolute.bundle.js', 420, 438 ]
351 silly gunzTarPerm extractEntry nodeunit/test/bundles/b.js
352 silly gunzTarPerm modified mode [ 'nodeunit/test/bundles/b.js', 420, 438 ]
353 silly gunzTarPerm extractEntry nodeunit/test/bundles/c.js
354 silly gunzTarPerm modified mode [ 'nodeunit/test/bundles/c.js', 420, 438 ]
355 silly gunzTarPerm extractEntry nodeunit/test/bundles/client.js
356 silly gunzTarPerm modified mode [ 'nodeunit/test/bundles/client.js', 420, 438 ]
357 silly gunzTarPerm extractEntry nodeunit/test/bundles/cyclic.bundle.js
358 silly gunzTarPerm modified mode [ 'nodeunit/test/bundles/cyclic.bundle.js', 420, 438 ]
359 silly gunzTarPerm extractEntry nodeunit/test/commonjs/client.js
360 silly gunzTarPerm modified mode [ 'nodeunit/test/commonjs/client.js', 420, 438 ]
361 silly gunzTarPerm extractEntry nodeunit/test/commonjs/absolute/a.js
362 silly gunzTarPerm modified mode [ 'nodeunit/test/commonjs/absolute/a.js', 420, 438 ]
363 silly gunzTarPerm extractEntry nodeunit/test/commonjs/absolute/b.js
364 silly gunzTarPerm modified mode [ 'nodeunit/test/commonjs/absolute/b.js', 420, 438 ]
365 silly gunzTarPerm extractEntry nodeunit/test/commonjs/cyclic/a.js
366 silly gunzTarPerm modified mode [ 'nodeunit/test/commonjs/cyclic/a.js', 420, 438 ]
367 silly gunzTarPerm extractEntry nodeunit/test/commonjs/cyclic/b.js
368 silly gunzTarPerm modified mode [ 'nodeunit/test/commonjs/cyclic/b.js', 420, 438 ]
369 silly gunzTarPerm extractEntry nodeunit/test/commonjs/method/a.js
370 silly gunzTarPerm modified mode [ 'nodeunit/test/commonjs/method/a.js', 420, 438 ]
371 silly gunzTarPerm extractEntry nodeunit/test/commonjs/nested/a/b/c/d.js
372 silly gunzTarPerm modified mode [ 'nodeunit/test/commonjs/nested/a/b/c/d.js', 420, 438 ]
373 silly gunzTarPerm extractEntry nodeunit/test/commonjs/relative/a.js
374 silly gunzTarPerm modified mode [ 'nodeunit/test/commonjs/relative/a.js', 420, 438 ]
375 silly gunzTarPerm extractEntry nodeunit/test/commonjs/relative/b.js
376 silly gunzTarPerm modified mode [ 'nodeunit/test/commonjs/relative/b.js', 420, 438 ]
377 silly gunzTarPerm extractEntry nodeunit/test/commonjs/transitive/a.js
378 silly gunzTarPerm modified mode [ 'nodeunit/test/commonjs/transitive/a.js', 420, 438 ]
379 silly gunzTarPerm extractEntry nodeunit/test/commonjs/transitive/b.js
380 silly gunzTarPerm modified mode [ 'nodeunit/test/commonjs/transitive/b.js', 420, 438 ]
381 silly gunzTarPerm extractEntry nodeunit/test/commonjs/transitive/c.js
382 silly gunzTarPerm modified mode [ 'nodeunit/test/commonjs/transitive/c.js', 420, 438 ]
383 silly gunzTarPerm extractEntry nodeunit/test/main/a.js
384 silly gunzTarPerm modified mode [ 'nodeunit/test/main/a.js', 420, 438 ]
385 silly gunzTarPerm extractEntry nodeunit/test/main/client.js
386 silly gunzTarPerm modified mode [ 'nodeunit/test/main/client.js', 420, 438 ]
387 silly gunzTarPerm extractEntry nodeunit/test/modules/a.js
388 silly gunzTarPerm modified mode [ 'nodeunit/test/modules/a.js', 420, 438 ]
389 silly gunzTarPerm extractEntry nodeunit/test/modules/b.js
390 silly gunzTarPerm modified mode [ 'nodeunit/test/modules/b.js', 420, 438 ]
391 silly gunzTarPerm extractEntry nodeunit/test/modules/c.js
392 silly gunzTarPerm modified mode [ 'nodeunit/test/modules/c.js', 420, 438 ]
393 silly gentlyRm C:\Users\ShawnTyler\AppData\Roaming\npm\node_modules\.staging\node-bin-setup-835b09da\node_modules is being purged
394 verbose gentlyRm don't care about contents; nuking C:\Users\ShawnTyler\AppData\Roaming\npm\node_modules\.staging\node-bin-setup-835b09da\node_modules
395 silly gentlyRm C:\Users\ShawnTyler\AppData\Roaming\npm\node_modules\.staging\node-71691d86\node_modules is being purged
396 verbose gentlyRm don't care about contents; nuking C:\Users\ShawnTyler\AppData\Roaming\npm\node_modules\.staging\node-71691d86\node_modules
397 silly gentlyRm C:\Users\ShawnTyler\AppData\Roaming\npm\node_modules\.staging\modules-a425686c\node_modules is being purged
398 verbose gentlyRm don't care about contents; nuking C:\Users\ShawnTyler\AppData\Roaming\npm\node_modules\.staging\modules-a425686c\node_modules
399 silly doParallel preinstall 3
400 silly preinstall modules@0.4.0 C:\Users\ShawnTyler\AppData\Roaming\npm\node_modules\.staging\modules-a425686c
401 info lifecycle modules@0.4.0~preinstall: modules@0.4.0
402 silly preinstall node-bin-setup@1.0.6 C:\Users\ShawnTyler\AppData\Roaming\npm\node_modules\.staging\node-bin-setup-835b09da
403 info lifecycle node-bin-setup@1.0.6~preinstall: node-bin-setup@1.0.6
404 silly preinstall node@10.6.0 C:\Users\ShawnTyler\AppData\Roaming\npm\node_modules\.staging\node-71691d86
405 info lifecycle node@10.6.0~preinstall: node@10.6.0
406 silly lifecycle modules@0.4.0~preinstall: no script for preinstall, continuing
407 silly lifecycle node-bin-setup@1.0.6~preinstall: no script for preinstall, continuing
408 verbose lifecycle node@10.6.0~preinstall: unsafe-perm in lifecycle true
409 verbose lifecycle node@10.6.0~preinstall: PATH: C:\Program Files\nodejs\node_modules\npm\bin\node-gyp-bin;C:\Users\ShawnTyler\AppData\Roaming\npm\node_modules\.staging\node-71691d86\node_modules\.bin;C:\Users\ShawnTyler\AppData\Roaming\npm\node_modules\.bin;C:\Program Files\Git\mingw64\bin;C:\Program Files\Git\usr\bin;C:\Users\ShawnTyler\bin;C:\Program Files (x86)\Intel\iCLS Client;C:\Program Files\Intel\iCLS Client;C:\Windows\system32;C:\Windows;C:\Windows\System32\Wbem;C:\Windows\System32\WindowsPowerShell\v1.0;C:\Program Files (x86)\NVIDIA Corporation\PhysX\Common;C:\WINDOWS\system32;C:\WINDOWS;C:\WINDOWS\System32\Wbem;C:\WINDOWS\System32\WindowsPowerShell\v1.0;C:\Program Files\Git\cmd;C:\Program Files\nodejs;C:\Program Files\Intel\WiFi\bin;C:\Program Files\Common Files\Intel\WirelessCommon;C:\Program Files\MongoDB\Server\3.6\bin;C:\WINDOWS\System32\OpenSSH;C:\Program Files (x86)\Intel\Intel(R) Management Engine Components\DAL;C:\Program Files\Intel\Intel(R) Management Engine Components\DAL;C:\Program Files (x86)\Intel\Intel(R) Management Engine Components\IPT;C:\Program Files\Intel\Intel(R) Management Engine Components\IPT;C:\Users\ShawnTyler\AppData\Local\Programs\Python\Python36\Scripts;C:\Users\ShawnTyler\AppData\Local\Programs\Python\Python36;C:\Users\ShawnTyler\AppData\Local\Microsoft\WindowsApps;C:\Program Files\Heroku\bin;C:\Users\ShawnTyler\AppData\Roaming\npm;C:\Program Files\Microsoft VS Code\bin
410 verbose lifecycle node@10.6.0~preinstall: CWD: C:\Users\ShawnTyler\AppData\Roaming\npm\node_modules\.staging\node-71691d86
411 silly lifecycle node@10.6.0~preinstall: Args: [ '/d /s /c', 'node installArchSpecificPackage' ]
412 silly lifecycle node@10.6.0~preinstall: Returned: code: 1  signal: null
413 info lifecycle node@10.6.0~preinstall: Failed to exec preinstall script
414 verbose unlock done using C:\Users\ShawnTyler\AppData\Roaming\npm-cache\_locks\staging-92e041edb4fcd343.lock for C:\Users\ShawnTyler\AppData\Roaming\npm\node_modules\.staging
415 silly rollbackFailedOptional Starting
416 silly rollbackFailedOptional Finishing
417 silly runTopLevelLifecycles Finishing
418 silly install printInstalled
419 verbose stack Error: node@10.6.0 preinstall: `node installArchSpecificPackage`
419 verbose stack Exit status 1
419 verbose stack     at EventEmitter.<anonymous> (C:\Program Files\nodejs\node_modules\npm\lib\utils\lifecycle.js:255:16)
419 verbose stack     at emitTwo (events.js:106:13)
419 verbose stack     at EventEmitter.emit (events.js:191:7)
419 verbose stack     at ChildProcess.<anonymous> (C:\Program Files\nodejs\node_modules\npm\lib\utils\spawn.js:40:14)
419 verbose stack     at emitTwo (events.js:106:13)
419 verbose stack     at ChildProcess.emit (events.js:191:7)
419 verbose stack     at maybeClose (internal/child_process.js:891:16)
419 verbose stack     at Process.ChildProcess._handle.onexit (internal/child_process.js:226:5)
420 verbose pkgid node@10.6.0
421 verbose cwd C:\Users\ShawnTyler\OneDrive\Developer\tmbarlow.github.io
422 error Windows_NT 10.0.17134
423 error argv "C:\\Program Files\\nodejs\\node.exe" "C:\\Program Files\\nodejs\\node_modules\\npm\\bin\\npm-cli.js" "install" "-g" "node" "modules"
424 error node v6.11.2
425 error npm  v3.10.10
426 error code ELIFECYCLE
427 error node@10.6.0 preinstall: `node installArchSpecificPackage`
427 error Exit status 1
428 error Failed at the node@10.6.0 preinstall script 'node installArchSpecificPackage'.
428 error Make sure you have the latest version of node.js and npm installed.
428 error If you do, this is most likely a problem with the node package,
428 error not with npm itself.
428 error Tell the author that this fails on your system:
428 error     node installArchSpecificPackage
428 error You can get information on how to open an issue for this project with:
428 error     npm bugs node
428 error Or if that isn't available, you can get their info via:
428 error     npm owner ls node
428 error There is likely additional logging output above.
429 verbose exit [ 1, true ]
